<?xml version="1.0" encoding="UTF-8"?>
<!-- Generated by org.testng.reporters.JUnitXMLReporter -->
<testsuite ignored="2" hostname="LAPTOP-OLPA0MDN" failures="2" tests="8" name="Test1" time="19.816" errors="0" timestamp="2021-09-03T10:47:15 IST">
  <testcase classname="com.TestCases.TestCaseTC_0001" name="verifyTitle_Page" time="10.548"/>
  <testcase classname="com.TestCases.TestCaseTC_0001" name="verifyTitleOfthePage" time="0.066">
    <skipped/>
  </testcase> <!-- verifyTitleOfthePage -->
  <testcase classname="com.TestCases.TestCaseTC_0001" name="verifyTitleOfthePage" time="0.032">
    <skipped/>
  </testcase> <!-- verifyTitleOfthePage -->
  <testcase classname="com.TestCases.TestCaseTC_0001" name="verifyTitleOfthePage" time="0.025">
    <failure type="java.lang.AssertionError" message="expected [OrangeHRM3232] but found [OrangeHRM]">
      <![CDATA[java.lang.AssertionError: expected [OrangeHRM3232] but found [OrangeHRM]
at com.TestCases.TestCaseTC_0001.verifyTitleOfthePage(TestCaseTC_0001.java:51)
at java.base/java.util.ArrayList.forEach(ArrayList.java:1511)
... Removed 33 stack frames]]>
    </failure>
  </testcase> <!-- verifyTitleOfthePage -->
  <testcase classname="com.TestCases.TestCaseTC_0003GoogleVerification" name="getTitile_Google" time="2.092">
    <skipped/>
  </testcase> <!-- getTitile_Google -->
  <testcase classname="com.TestCases.TestCaseTC_0003GoogleVerification" name="getTitile_Google" time="1.644">
    <skipped/>
  </testcase> <!-- getTitile_Google -->
  <testcase classname="com.TestCases.TestCaseTC_0003GoogleVerification" name="getTitile_Google" time="1.344">
    <failure type="java.lang.AssertionError" message="expected [google12345] but found [Google]">
      <![CDATA[java.lang.AssertionError: expected [google12345] but found [Google]
at com.TestCases.TestCaseTC_0003GoogleVerification.getTitile_Google(TestCaseTC_0003GoogleVerification.java:21)
at java.base/java.util.ArrayList.forEach(ArrayList.java:1511)
... Removed 33 stack frames]]>
    </failure>
  </testcase> <!-- getTitile_Google -->
  <testcase classname="com.TestCases.TestCaseTC_0003GoogleVerification" name="searchedOnGoogle" time="0.002">
    <skipped/>
  </testcase> <!-- searchedOnGoogle -->
  <testcase classname="com.baseLibraries.TestBase" name="@AfterTest tearDown" time="0.0">
    <ignored/>
  </testcase> <!-- @AfterTest tearDown -->
  <testcase classname="com.baseLibraries.TestBase" name="@BeforeTest initializeMethod" time="0.0">
    <ignored/>
  </testcase> <!-- @BeforeTest initializeMethod -->
</testsuite> <!-- Test1 -->
