<!DOCTYPE html PUBLIC "-//W3C//DTD XHTML 1.1//EN" "https://www.w3.org/TR/xhtml11/DTD/xhtml11.dtd">
<html xmlns="https://www.w3.org/1999/xhtml">
<head>
<meta http-equiv="content-type" content="text/html; charset=UTF-8"/>
<title>TestNG Report</title>
<style type="text/css">table {margin-bottom:10px;border-collapse:collapse;empty-cells:show}th,td {border:1px solid #009;padding:.25em .5em}th {vertical-align:bottom}td {vertical-align:top}table a {font-weight:bold}.stripe td {background-color: #E6EBF9}.num {text-align:right}.passedodd td {background-color: #3F3}.passedeven td {background-color: #0A0}.skippedodd td {background-color: #DDD}.skippedeven td {background-color: #CCC}.failedodd td,.attn {background-color: #F33}.failedeven td,.stripe .attn {background-color: #D00}.stacktrace {white-space:pre;font-family:monospace}.totop {font-size:85%;text-align:center;border-bottom:2px solid #000}.invisible {display:none}</style>
</head>
<body>
<table>
<tr><th>Test</th><th># Passed</th><th># Skipped</th><th># Retried</th><th># Failed</th><th>Time (ms)</th><th>Included Groups</th><th>Excluded Groups</th></tr>
<tr><th colspan="8">Suite</th></tr>
<tr><td><a href="#t0">Test1</a></td><td class="num">1</td><td class="num attn">1</td><td class="num attn">4</td><td class="num attn">2</td><td class="num">19,816</td><td></td><td></td></tr>
</table>
<table id='summary'><thead><tr><th>Class</th><th>Method</th><th>Start</th><th>Time (ms)</th></tr></thead><tbody><tr><th colspan="4">Suite</th></tr></tbody><tbody id="t0"><tr><th colspan="4">Test1 &#8212; failed</th></tr><tr class="failedeven"><td rowspan="1">com.TestCases.TestCaseTC_0001</td><td><a href="#m0">verifyTitleOfthePage</a></td><td rowspan="1">1630646228902</td><td rowspan="1">25</td></tr><tr class="failedodd"><td rowspan="1">com.TestCases.TestCaseTC_0003GoogleVerification</td><td><a href="#m1">getTitile_Google</a></td><td rowspan="1">1630646233084</td><td rowspan="1">1344</td></tr><tr><th colspan="4">Test1 &#8212; skipped</th></tr><tr class="skippedeven"><td rowspan="1">com.TestCases.TestCaseTC_0003GoogleVerification</td><td><a href="#m2">searchedOnGoogle</a></td><td rowspan="1">1630646234852</td><td rowspan="1">2</td></tr><tr><th colspan="4">Test1 &#8212; retried</th></tr><tr class="retriedeven"><td rowspan="2">com.TestCases.TestCaseTC_0001</td><td><a href="#m3">verifyTitleOfthePage</a></td><td rowspan="2">1630646228785</td><td rowspan="2">66</td></tr><tr class="retriedeven"><td><a href="#m4">verifyTitleOfthePage</a></td></tr><tr class="retriedodd"><td rowspan="2">com.TestCases.TestCaseTC_0003GoogleVerification</td><td><a href="#m5">getTitile_Google</a></td><td rowspan="2">1630646229342</td><td rowspan="2">2092</td></tr><tr class="retriedodd"><td><a href="#m6">getTitile_Google</a></td></tr><tr><th colspan="4">Test1 &#8212; passed</th></tr><tr class="passedeven"><td rowspan="1">com.TestCases.TestCaseTC_0001</td><td><a href="#m7">verifyTitle_Page</a></td><td rowspan="1">1630646218221</td><td rowspan="1">10548</td></tr></tbody>
</table>
<h2>Test1</h2><h3 id="m0">com.TestCases.TestCaseTC_0001#verifyTitleOfthePage</h3><table class="result"><tr><th>Exception</th></tr><tr><td><div class="stacktrace">java.lang.AssertionError: expected [OrangeHRM3232] but found [OrangeHRM]
	at com.TestCases.TestCaseTC_0001.verifyTitleOfthePage(TestCaseTC_0001.java:51)
	at java.base/java.util.ArrayList.forEach(ArrayList.java:1511)
... Removed 33 stack frames</div></td></tr></table><p class="totop"><a href="#summary">back to summary</a></p>
<h3 id="m1">com.TestCases.TestCaseTC_0003GoogleVerification#getTitile_Google</h3><table class="result"><tr><th>Exception</th></tr><tr><td><div class="stacktrace">java.lang.AssertionError: expected [google12345] but found [Google]
	at com.TestCases.TestCaseTC_0003GoogleVerification.getTitile_Google(TestCaseTC_0003GoogleVerification.java:21)
	at java.base/java.util.ArrayList.forEach(ArrayList.java:1511)
... Removed 33 stack frames</div></td></tr></table><p class="totop"><a href="#summary">back to summary</a></p>
<h3 id="m2">com.TestCases.TestCaseTC_0003GoogleVerification#searchedOnGoogle</h3><table class="result"><tr><th>Exception</th></tr><tr><td><div class="stacktrace">org.testng.SkipException: Skipping the test3 test method!
	at com.TestCases.TestCaseTC_0003GoogleVerification.searchedOnGoogle(TestCaseTC_0003GoogleVerification.java:27)
	at java.base/java.util.ArrayList.forEach(ArrayList.java:1511)
... Removed 27 stack frames</div></td></tr></table><p class="totop"><a href="#summary">back to summary</a></p>
<h3 id="m3">com.TestCases.TestCaseTC_0001#verifyTitleOfthePage</h3><table class="result"><tr><th>Exception</th></tr><tr><td><div class="stacktrace">java.lang.AssertionError: expected [OrangeHRM3232] but found [OrangeHRM]
	at com.TestCases.TestCaseTC_0001.verifyTitleOfthePage(TestCaseTC_0001.java:51)
	at java.base/java.util.ArrayList.forEach(ArrayList.java:1511)
... Removed 33 stack frames</div></td></tr></table><p class="totop"><a href="#summary">back to summary</a></p>
<h3 id="m4">com.TestCases.TestCaseTC_0001#verifyTitleOfthePage</h3><table class="result"><tr><th>Exception</th></tr><tr><td><div class="stacktrace">java.lang.AssertionError: expected [OrangeHRM3232] but found [OrangeHRM]
	at com.TestCases.TestCaseTC_0001.verifyTitleOfthePage(TestCaseTC_0001.java:51)
	at java.base/java.util.ArrayList.forEach(ArrayList.java:1511)
... Removed 33 stack frames</div></td></tr></table><p class="totop"><a href="#summary">back to summary</a></p>
<h3 id="m5">com.TestCases.TestCaseTC_0003GoogleVerification#getTitile_Google</h3><table class="result"><tr><th>Exception</th></tr><tr><td><div class="stacktrace">java.lang.AssertionError: expected [google12345] but found [Google]
	at com.TestCases.TestCaseTC_0003GoogleVerification.getTitile_Google(TestCaseTC_0003GoogleVerification.java:21)
	at java.base/java.util.ArrayList.forEach(ArrayList.java:1511)
... Removed 33 stack frames</div></td></tr></table><p class="totop"><a href="#summary">back to summary</a></p>
<h3 id="m6">com.TestCases.TestCaseTC_0003GoogleVerification#getTitile_Google</h3><table class="result"><tr><th>Exception</th></tr><tr><td><div class="stacktrace">java.lang.AssertionError: expected [google12345] but found [Google]
	at com.TestCases.TestCaseTC_0003GoogleVerification.getTitile_Google(TestCaseTC_0003GoogleVerification.java:21)
	at java.base/java.util.ArrayList.forEach(ArrayList.java:1511)
... Removed 33 stack frames</div></td></tr></table><p class="totop"><a href="#summary">back to summary</a></p>
<h3 id="m7">com.TestCases.TestCaseTC_0001#verifyTitle_Page</h3><table class="result"><tr><th class="invisible"/></tr></table><p class="totop"><a href="#summary">back to summary</a></p>
</body>
</html>
